[    5323ms] [ERROR] TypeError: window.location.pathname.indexof is not a function
    at get previousVersionLink (https://mathscinet.ams.org/mathscinet/fe/assets/js/app.98db0153.js:1:44169)
    at t.get (https://mathscinet.ams.org/mathscinet/fe/assets/js/chunk-vendors.064fe700.js:7:27246)
    at t.evaluate (https://mathscinet.ams.org/mathscinet/fe/assets/js/chunk-vendors.064fe700.js:7:28246)
    at a.previousVersionLink (https://mathscinet.ams.org/mathscinet/fe/assets/js/chunk-vendors.064fe700.js:7:36575)
    at a.at (https://mathscinet.ams.org/mathscinet/fe/assets/js/app.98db0153.js:1:42796)
    at We.t._render (https://mathscinet.ams.org/mathscinet/fe/assets/js/chunk-vendors.064fe700.js:7:19308)
    at a.r (https://mathscinet.ams.org/mathscinet/fe/assets/js/chunk-vendors.064fe700.js:7:23274)
    at t.get (https://mathscinet.ams.org/mathscinet/fe/assets/js/chunk-vendors.064fe700.js:7:27246)
    at new t (https://mathscinet.ams.org/mathscinet/fe/assets/js/chunk-vendors.064fe700.js:7:27159)
    at cn (https://mathscinet.ams.org/mathscinet/fe/assets/js/chunk-vendors.064fe700.js:7:23367) @ https://mathscinet.ams.org/mathscinet/fe/assets/js/chunk-vendors.064fe700.js:6
[    6846ms] [ERROR] TypeError: window.location.pathname.indexof is not a function
    at get previousVersionLink (https://mathscinet.ams.org/mathscinet/fe/assets/js/app.98db0153.js:1:44169)
    at t.get (https://mathscinet.ams.org/mathscinet/fe/assets/js/chunk-vendors.064fe700.js:7:27246)
    at t.evaluate (https://mathscinet.ams.org/mathscinet/fe/assets/js/chunk-vendors.064fe700.js:7:28246)
    at a.previousVersionLink (https://mathscinet.ams.org/mathscinet/fe/assets/js/chunk-vendors.064fe700.js:7:36575)
    at a.at (https://mathscinet.ams.org/mathscinet/fe/assets/js/app.98db0153.js:1:42796)
    at We.t._render (https://mathscinet.ams.org/mathscinet/fe/assets/js/chunk-vendors.064fe700.js:7:19308)
    at a.r (https://mathscinet.ams.org/mathscinet/fe/assets/js/chunk-vendors.064fe700.js:7:23274)
    at t.get (https://mathscinet.ams.org/mathscinet/fe/assets/js/chunk-vendors.064fe700.js:7:27246)
    at t.run (https://mathscinet.ams.org/mathscinet/fe/assets/js/chunk-vendors.064fe700.js:7:27983)
    at xn (https://mathscinet.ams.org/mathscinet/fe/assets/js/chunk-vendors.064fe700.js:7:25306) @ https://mathscinet.ams.org/mathscinet/fe/assets/js/chunk-vendors.064fe700.js:6
[    9026ms] [WARNING] tracking call missing sid (session id) - one will by synthesized by LibLynx @ https://mathscinet.ams.org/mathscinet/fe/assets/js/app.98db0153.js:0
[   10001ms] [WARNING] Mixed Content: The page at 'https://mathscinet.ams.org/mathscinet/author?authorId=892314' was loaded over HTTPS, but requested an insecure element 'http://sfx7.usaco.co.jp/oist/sfx.gif'. This request was automatically upgraded to HTTPS, For more information see https://blog.chromium.org/2019/10/no-more-mixed-messages-about-https.html @ https://mathscinet.ams.org/mathscinet/author?authorId=892314:0
[   10001ms] [WARNING] Mixed Content: The page at 'https://mathscinet.ams.org/mathscinet/author?authorId=892314' was loaded over HTTPS, but requested an insecure element 'http://sfx7.usaco.co.jp/oist/sfx.gif'. This request was automatically upgraded to HTTPS, For more information see https://blog.chromium.org/2019/10/no-more-mixed-messages-about-https.html @ https://mathscinet.ams.org/mathscinet/author?authorId=892314:0
[   10001ms] [WARNING] Mixed Content: The page at 'https://mathscinet.ams.org/mathscinet/author?authorId=892314' was loaded over HTTPS, but requested an insecure element 'http://sfx7.usaco.co.jp/oist/sfx.gif'. This request was automatically upgraded to HTTPS, For more information see https://blog.chromium.org/2019/10/no-more-mixed-messages-about-https.html @ https://mathscinet.ams.org/mathscinet/author?authorId=892314:0
[   10001ms] [WARNING] Mixed Content: The page at 'https://mathscinet.ams.org/mathscinet/author?authorId=892314' was loaded over HTTPS, but requested an insecure element 'http://sfx7.usaco.co.jp/oist/sfx.gif'. This request was automatically upgraded to HTTPS, For more information see https://blog.chromium.org/2019/10/no-more-mixed-messages-about-https.html @ https://mathscinet.ams.org/mathscinet/author?authorId=892314:0
[   10001ms] [WARNING] Mixed Content: The page at 'https://mathscinet.ams.org/mathscinet/author?authorId=892314' was loaded over HTTPS, but requested an insecure element 'http://sfx7.usaco.co.jp/oist/sfx.gif'. This request was automatically upgraded to HTTPS, For more information see https://blog.chromium.org/2019/10/no-more-mixed-messages-about-https.html @ https://mathscinet.ams.org/mathscinet/author?authorId=892314:0
[   10016ms] [WARNING] Mixed Content: The page at 'https://mathscinet.ams.org/mathscinet/author?authorId=892314' was loaded over HTTPS, but requested an insecure element 'http://sfx7.usaco.co.jp/oist/sfx.gif'. This request was automatically upgraded to HTTPS, For more information see https://blog.chromium.org/2019/10/no-more-mixed-messages-about-https.html @ https://mathscinet.ams.org/mathscinet/author?authorId=892314:0
[   10016ms] [WARNING] Mixed Content: The page at 'https://mathscinet.ams.org/mathscinet/author?authorId=892314' was loaded over HTTPS, but requested an insecure element 'http://sfx7.usaco.co.jp/oist/sfx.gif'. This request was automatically upgraded to HTTPS, For more information see https://blog.chromium.org/2019/10/no-more-mixed-messages-about-https.html @ https://mathscinet.ams.org/mathscinet/author?authorId=892314:0
[   10016ms] [WARNING] Mixed Content: The page at 'https://mathscinet.ams.org/mathscinet/author?authorId=892314' was loaded over HTTPS, but requested an insecure element 'http://sfx7.usaco.co.jp/oist/sfx.gif'. This request was automatically upgraded to HTTPS, For more information see https://blog.chromium.org/2019/10/no-more-mixed-messages-about-https.html @ https://mathscinet.ams.org/mathscinet/author?authorId=892314:0
[   10016ms] [WARNING] Mixed Content: The page at 'https://mathscinet.ams.org/mathscinet/author?authorId=892314' was loaded over HTTPS, but requested an insecure element 'http://sfx7.usaco.co.jp/oist/sfx.gif'. This request was automatically upgraded to HTTPS, For more information see https://blog.chromium.org/2019/10/no-more-mixed-messages-about-https.html @ https://mathscinet.ams.org/mathscinet/author?authorId=892314:0
[   10016ms] [WARNING] Mixed Content: The page at 'https://mathscinet.ams.org/mathscinet/author?authorId=892314' was loaded over HTTPS, but requested an insecure element 'http://sfx7.usaco.co.jp/oist/sfx.gif'. This request was automatically upgraded to HTTPS, For more information see https://blog.chromium.org/2019/10/no-more-mixed-messages-about-https.html @ https://mathscinet.ams.org/mathscinet/author?authorId=892314:0
[   10028ms] [WARNING] Mixed Content: The page at 'https://mathscinet.ams.org/mathscinet/author?authorId=892314' was loaded over HTTPS, but requested an insecure element 'http://sfx7.usaco.co.jp/oist/sfx.gif'. This request was automatically upgraded to HTTPS, For more information see https://blog.chromium.org/2019/10/no-more-mixed-messages-about-https.html @ https://mathscinet.ams.org/mathscinet/author?authorId=892314:0
[   10029ms] [WARNING] Mixed Content: The page at 'https://mathscinet.ams.org/mathscinet/author?authorId=892314' was loaded over HTTPS, but requested an insecure element 'http://sfx7.usaco.co.jp/oist/sfx.gif'. This request was automatically upgraded to HTTPS, For more information see https://blog.chromium.org/2019/10/no-more-mixed-messages-about-https.html @ https://mathscinet.ams.org/mathscinet/author?authorId=892314:0
[   10029ms] [WARNING] Mixed Content: The page at 'https://mathscinet.ams.org/mathscinet/author?authorId=892314' was loaded over HTTPS, but requested an insecure element 'http://sfx7.usaco.co.jp/oist/sfx.gif'. This request was automatically upgraded to HTTPS, For more information see https://blog.chromium.org/2019/10/no-more-mixed-messages-about-https.html @ https://mathscinet.ams.org/mathscinet/author?authorId=892314:0
[   10029ms] [WARNING] Mixed Content: The page at 'https://mathscinet.ams.org/mathscinet/author?authorId=892314' was loaded over HTTPS, but requested an insecure element 'http://sfx7.usaco.co.jp/oist/sfx.gif'. This request was automatically upgraded to HTTPS, For more information see https://blog.chromium.org/2019/10/no-more-mixed-messages-about-https.html @ https://mathscinet.ams.org/mathscinet/author?authorId=892314:0
[   10029ms] [WARNING] Mixed Content: The page at 'https://mathscinet.ams.org/mathscinet/author?authorId=892314' was loaded over HTTPS, but requested an insecure element 'http://sfx7.usaco.co.jp/oist/sfx.gif'. This request was automatically upgraded to HTTPS, For more information see https://blog.chromium.org/2019/10/no-more-mixed-messages-about-https.html @ https://mathscinet.ams.org/mathscinet/author?authorId=892314:0
