[    2326ms] [ERROR] TypeError: window.location.pathname.indexof is not a function
    at get previousVersionLink (https://mathscinet.ams.org/mathscinet/fe/assets/js/app.98db0153.js:1:44169)
    at t.get (https://mathscinet.ams.org/mathscinet/fe/assets/js/chunk-vendors.064fe700.js:7:27246)
    at t.evaluate (https://mathscinet.ams.org/mathscinet/fe/assets/js/chunk-vendors.064fe700.js:7:28246)
    at a.previousVersionLink (https://mathscinet.ams.org/mathscinet/fe/assets/js/chunk-vendors.064fe700.js:7:36575)
    at a.at (https://mathscinet.ams.org/mathscinet/fe/assets/js/app.98db0153.js:1:42796)
    at We.t._render (https://mathscinet.ams.org/mathscinet/fe/assets/js/chunk-vendors.064fe700.js:7:19308)
    at a.r (https://mathscinet.ams.org/mathscinet/fe/assets/js/chunk-vendors.064fe700.js:7:23274)
    at t.get (https://mathscinet.ams.org/mathscinet/fe/assets/js/chunk-vendors.064fe700.js:7:27246)
    at new t (https://mathscinet.ams.org/mathscinet/fe/assets/js/chunk-vendors.064fe700.js:7:27159)
    at cn (https://mathscinet.ams.org/mathscinet/fe/assets/js/chunk-vendors.064fe700.js:7:23367) @ https://mathscinet.ams.org/mathscinet/fe/assets/js/chunk-vendors.064fe700.js:6
[    2366ms] [ERROR] TypeError: window.location.pathname.indexof is not a function
    at get previousVersionLink (https://mathscinet.ams.org/mathscinet/fe/assets/js/app.98db0153.js:1:44169)
    at t.get (https://mathscinet.ams.org/mathscinet/fe/assets/js/chunk-vendors.064fe700.js:7:27246)
    at t.evaluate (https://mathscinet.ams.org/mathscinet/fe/assets/js/chunk-vendors.064fe700.js:7:28246)
    at a.previousVersionLink (https://mathscinet.ams.org/mathscinet/fe/assets/js/chunk-vendors.064fe700.js:7:36575)
    at a.at (https://mathscinet.ams.org/mathscinet/fe/assets/js/app.98db0153.js:1:42796)
    at We.t._render (https://mathscinet.ams.org/mathscinet/fe/assets/js/chunk-vendors.064fe700.js:7:19308)
    at a.r (https://mathscinet.ams.org/mathscinet/fe/assets/js/chunk-vendors.064fe700.js:7:23274)
    at t.get (https://mathscinet.ams.org/mathscinet/fe/assets/js/chunk-vendors.064fe700.js:7:27246)
    at t.run (https://mathscinet.ams.org/mathscinet/fe/assets/js/chunk-vendors.064fe700.js:7:27983)
    at xn (https://mathscinet.ams.org/mathscinet/fe/assets/js/chunk-vendors.064fe700.js:7:25306) @ https://mathscinet.ams.org/mathscinet/fe/assets/js/chunk-vendors.064fe700.js:6
[    2666ms] [WARNING] tracking call missing sid (session id) - one will by synthesized by LibLynx @ https://mathscinet.ams.org/mathscinet/fe/assets/js/app.98db0153.js:0
[    2949ms] [WARNING] Mixed Content: The page at 'https://mathscinet.ams.org/mathscinet/author?authorId=863178' was loaded over HTTPS, but requested an insecure element 'http://sfx7.usaco.co.jp/oist/sfx.gif'. This request was automatically upgraded to HTTPS, For more information see https://blog.chromium.org/2019/10/no-more-mixed-messages-about-https.html @ https://mathscinet.ams.org/mathscinet/author?authorId=863178:0
[    2949ms] [WARNING] Mixed Content: The page at 'https://mathscinet.ams.org/mathscinet/author?authorId=863178' was loaded over HTTPS, but requested an insecure element 'http://sfx7.usaco.co.jp/oist/sfx.gif'. This request was automatically upgraded to HTTPS, For more information see https://blog.chromium.org/2019/10/no-more-mixed-messages-about-https.html @ https://mathscinet.ams.org/mathscinet/author?authorId=863178:0
[    2949ms] [WARNING] Mixed Content: The page at 'https://mathscinet.ams.org/mathscinet/author?authorId=863178' was loaded over HTTPS, but requested an insecure element 'http://sfx7.usaco.co.jp/oist/sfx.gif'. This request was automatically upgraded to HTTPS, For more information see https://blog.chromium.org/2019/10/no-more-mixed-messages-about-https.html @ https://mathscinet.ams.org/mathscinet/author?authorId=863178:0
[    2949ms] [WARNING] Mixed Content: The page at 'https://mathscinet.ams.org/mathscinet/author?authorId=863178' was loaded over HTTPS, but requested an insecure element 'http://sfx7.usaco.co.jp/oist/sfx.gif'. This request was automatically upgraded to HTTPS, For more information see https://blog.chromium.org/2019/10/no-more-mixed-messages-about-https.html @ https://mathscinet.ams.org/mathscinet/author?authorId=863178:0
[    2949ms] [WARNING] Mixed Content: The page at 'https://mathscinet.ams.org/mathscinet/author?authorId=863178' was loaded over HTTPS, but requested an insecure element 'http://sfx7.usaco.co.jp/oist/sfx.gif'. This request was automatically upgraded to HTTPS, For more information see https://blog.chromium.org/2019/10/no-more-mixed-messages-about-https.html @ https://mathscinet.ams.org/mathscinet/author?authorId=863178:0
[    2962ms] [WARNING] Mixed Content: The page at 'https://mathscinet.ams.org/mathscinet/author?authorId=863178' was loaded over HTTPS, but requested an insecure element 'http://sfx7.usaco.co.jp/oist/sfx.gif'. This request was automatically upgraded to HTTPS, For more information see https://blog.chromium.org/2019/10/no-more-mixed-messages-about-https.html @ https://mathscinet.ams.org/mathscinet/author?authorId=863178:0
[    2962ms] [WARNING] Mixed Content: The page at 'https://mathscinet.ams.org/mathscinet/author?authorId=863178' was loaded over HTTPS, but requested an insecure element 'http://sfx7.usaco.co.jp/oist/sfx.gif'. This request was automatically upgraded to HTTPS, For more information see https://blog.chromium.org/2019/10/no-more-mixed-messages-about-https.html @ https://mathscinet.ams.org/mathscinet/author?authorId=863178:0
[    2962ms] [WARNING] Mixed Content: The page at 'https://mathscinet.ams.org/mathscinet/author?authorId=863178' was loaded over HTTPS, but requested an insecure element 'http://sfx7.usaco.co.jp/oist/sfx.gif'. This request was automatically upgraded to HTTPS, For more information see https://blog.chromium.org/2019/10/no-more-mixed-messages-about-https.html @ https://mathscinet.ams.org/mathscinet/author?authorId=863178:0
[    2962ms] [WARNING] Mixed Content: The page at 'https://mathscinet.ams.org/mathscinet/author?authorId=863178' was loaded over HTTPS, but requested an insecure element 'http://sfx7.usaco.co.jp/oist/sfx.gif'. This request was automatically upgraded to HTTPS, For more information see https://blog.chromium.org/2019/10/no-more-mixed-messages-about-https.html @ https://mathscinet.ams.org/mathscinet/author?authorId=863178:0
[    2962ms] [WARNING] Mixed Content: The page at 'https://mathscinet.ams.org/mathscinet/author?authorId=863178' was loaded over HTTPS, but requested an insecure element 'http://sfx7.usaco.co.jp/oist/sfx.gif'. This request was automatically upgraded to HTTPS, For more information see https://blog.chromium.org/2019/10/no-more-mixed-messages-about-https.html @ https://mathscinet.ams.org/mathscinet/author?authorId=863178:0
[    2973ms] [WARNING] Mixed Content: The page at 'https://mathscinet.ams.org/mathscinet/author?authorId=863178' was loaded over HTTPS, but requested an insecure element 'http://sfx7.usaco.co.jp/oist/sfx.gif'. This request was automatically upgraded to HTTPS, For more information see https://blog.chromium.org/2019/10/no-more-mixed-messages-about-https.html @ https://mathscinet.ams.org/mathscinet/author?authorId=863178:0
[    2973ms] [WARNING] Mixed Content: The page at 'https://mathscinet.ams.org/mathscinet/author?authorId=863178' was loaded over HTTPS, but requested an insecure element 'http://sfx7.usaco.co.jp/oist/sfx.gif'. This request was automatically upgraded to HTTPS, For more information see https://blog.chromium.org/2019/10/no-more-mixed-messages-about-https.html @ https://mathscinet.ams.org/mathscinet/author?authorId=863178:0
[    2973ms] [WARNING] Mixed Content: The page at 'https://mathscinet.ams.org/mathscinet/author?authorId=863178' was loaded over HTTPS, but requested an insecure element 'http://sfx7.usaco.co.jp/oist/sfx.gif'. This request was automatically upgraded to HTTPS, For more information see https://blog.chromium.org/2019/10/no-more-mixed-messages-about-https.html @ https://mathscinet.ams.org/mathscinet/author?authorId=863178:0
[    2973ms] [WARNING] Mixed Content: The page at 'https://mathscinet.ams.org/mathscinet/author?authorId=863178' was loaded over HTTPS, but requested an insecure element 'http://sfx7.usaco.co.jp/oist/sfx.gif'. This request was automatically upgraded to HTTPS, For more information see https://blog.chromium.org/2019/10/no-more-mixed-messages-about-https.html @ https://mathscinet.ams.org/mathscinet/author?authorId=863178:0
[    2973ms] [WARNING] Mixed Content: The page at 'https://mathscinet.ams.org/mathscinet/author?authorId=863178' was loaded over HTTPS, but requested an insecure element 'http://sfx7.usaco.co.jp/oist/sfx.gif'. This request was automatically upgraded to HTTPS, For more information see https://blog.chromium.org/2019/10/no-more-mixed-messages-about-https.html @ https://mathscinet.ams.org/mathscinet/author?authorId=863178:0
[   69207ms] [ERROR] Failed to load resource: the server responded with a status of 429 () @ https://api.openalex.org/works?filter=display_name.search:A%20parabolic%20PDE-based%20approach%20to%20Borell-Brascamp-Lieb%20inequality&per_page=5:0
[   69257ms] [ERROR] Failed to load resource: the server responded with a status of 429 () @ https://api.openalex.org/works?filter=display_name.search:A%20second-order%20operator%20for%20horizontal%20quasiconvexity%20in%20the%20Heisenberg%20group%20and%20application%20to%20convexity%20preserving%20for%20horizontal%20curvature%20flow&per_page=5:0
[   69305ms] [ERROR] Failed to load resource: the server responded with a status of 429 () @ https://api.openalex.org/works?filter=display_name.search:Horizontal%20semiconcavity%20for%20the%20square%20of%20Carnot-Carath%C3%A9odory%20distance%20on%20step%202%20Carnot%20groups%20and%20applications%20to%20Hamilton-Jacobi%20equations&per_page=5:0
[   69356ms] [ERROR] Failed to load resource: the server responded with a status of 429 () @ https://api.openalex.org/works?filter=display_name.search:Liouville-type%20theorems%20for%20fully%20nonlinear%20elliptic%20and%20parabolic%20equations%20with%20boundary%20degeneracy&per_page=5:0
[   69407ms] [ERROR] Failed to load resource: the server responded with a status of 429 () @ https://api.openalex.org/works?filter=display_name.search:Discontinuous%20eikonal%20equations%20in%20metric%20measure%20spaces&per_page=5:0
[   69459ms] [ERROR] Failed to load resource: the server responded with a status of 429 () @ https://api.openalex.org/works?filter=display_name.search:On%20the%20characterization%20of%20pp-harmonic%20functions%20on%20the%20Heisenberg%20group%20by%20mean%20value%20properties&per_page=5:0
[   69507ms] [ERROR] Failed to load resource: the server responded with a status of 429 () @ https://api.openalex.org/works?filter=display_name.search:General%20existence%20of%20solutions%20to%20dynamic%20programming%20equations&per_page=5:0
[   69556ms] [ERROR] Failed to load resource: the server responded with a status of 429 () @ https://api.openalex.org/works?filter=display_name.search:On%20the%20horizontal%20mean%20curvature%20flow%20for%20axisymmetric%20surfaces%20in%20the%20Heisenberg%20group&per_page=5:0
[   69689ms] [ERROR] Failed to load resource: the server responded with a status of 429 () @ https://api.openalex.org/works?filter=display_name.search:Singular%20Neumann%20problems%20and%20large-time%20behavior%20of%20solutions%20of%20noncoercive%20Hamilton-Jacobi%20equations&per_page=5:0
[   69743ms] [ERROR] Failed to load resource: the server responded with a status of 429 () @ https://api.openalex.org/works?filter=display_name.search:Equivalence%20of%20solutions%20of%20eikonal%20equation%20in%20metric%20spaces&per_page=5:0
[   69793ms] [ERROR] Failed to load resource: the server responded with a status of 429 () @ https://api.openalex.org/works?filter=display_name.search:Constant%20rank%20theorems%20for%20curvature%20problems%20via%20a%20viscosity%20approach&per_page=5:0
[   69842ms] [ERROR] Failed to load resource: the server responded with a status of 429 () @ https://api.openalex.org/works?filter=display_name.search:Dewetting%20dynamics%20of%20anisotropic%20particles%3A%20a%20level%20set%20numerical%20approach&per_page=5:0
[   69891ms] [ERROR] Failed to load resource: the server responded with a status of 429 () @ https://api.openalex.org/works?filter=display_name.search:A%20control%20problem%20related%20to%20the%20parabolic%20dominative%20pp-Laplace%20equation&per_page=5:0
[   69943ms] [ERROR] Failed to load resource: the server responded with a status of 429 () @ https://api.openalex.org/works?filter=display_name.search:Existence%20of%20self-similar%20solutions%20of%20the%20inverse%20mean%20curvature%20flow&per_page=5:0
[   69992ms] [ERROR] Failed to load resource: the server responded with a status of 429 () @ https://api.openalex.org/works?filter=display_name.search:Geometric%20origin%20and%20some%20properties%20of%20the%20arctangential%20heat%20equation&per_page=5:0
[  152608ms] [ERROR] Access to fetch at 'https://export.arxiv.org/api/query?search_query=ti%3A%22A%20parabolic%20PDE-based%20approach%20to%20Borell-Brascamp-Lieb%20inequality%22&start=0&max_results=3' from origin 'https://mathscinet.ams.org' has been blocked by CORS policy: No 'Access-Control-Allow-Origin' header is present on the requested resource. @ https://mathscinet.ams.org/mathscinet/author?authorId=863178:0
[  152609ms] [ERROR] Failed to load resource: net::ERR_FAILED @ https://export.arxiv.org/api/query?search_query=ti%3A%22A%20parabolic%20PDE-based%20approach%20to%20Borell-Brascamp-Lieb%20inequality%22&start=0&max_results=3:0
[  152911ms] [ERROR] Access to fetch at 'https://export.arxiv.org/api/query?search_query=ti%3A%22A%20second-order%20operator%20for%20horizontal%20quasiconvexity%20in%20the%20Heisenberg%20group%20and%20application%20to%20convexity%20preserving%20for%20horizontal%20curvature%20flow%22&start=0&max_results=3' from origin 'https://mathscinet.ams.org' has been blocked by CORS policy: No 'Access-Control-Allow-Origin' header is present on the requested resource. @ https://mathscinet.ams.org/mathscinet/author?authorId=863178:0
[  152911ms] [ERROR] Failed to load resource: net::ERR_FAILED @ https://export.arxiv.org/api/query?search_query=ti%3A%22A%20second-order%20operator%20for%20horizontal%20quasiconvexity%20in%20the%20Heisenberg%20group%20and%20application%20to%20convexity%20preserving%20for%20horizontal%20curvature%20flow%22&start=0&max_results=3:0
[  153249ms] [ERROR] Access to fetch at 'https://export.arxiv.org/api/query?search_query=ti%3A%22Horizontal%20semiconcavity%20for%20the%20square%20of%20Carnot-Carath%C3%A9odory%20distance%20on%20step%202%20Carnot%20groups%20and%20applications%20to%20Hamilton-Jacobi%20equations%22&start=0&max_results=3' from origin 'https://mathscinet.ams.org' has been blocked by CORS policy: No 'Access-Control-Allow-Origin' header is present on the requested resource. @ https://mathscinet.ams.org/mathscinet/author?authorId=863178:0
[  153249ms] [ERROR] Failed to load resource: net::ERR_FAILED @ https://export.arxiv.org/api/query?search_query=ti%3A%22Horizontal%20semiconcavity%20for%20the%20square%20of%20Carnot-Carath%C3%A9odory%20distance%20on%20step%202%20Carnot%20groups%20and%20applications%20to%20Hamilton-Jacobi%20equations%22&start=0&max_results=3:0
[  153905ms] [ERROR] Access to fetch at 'https://export.arxiv.org/api/query?search_query=ti%3A%22Liouville-type%20theorems%20for%20fully%20nonlinear%20elliptic%20and%20parabolic%20equations%20with%20boundary%20degeneracy%22&start=0&max_results=3' from origin 'https://mathscinet.ams.org' has been blocked by CORS policy: No 'Access-Control-Allow-Origin' header is present on the requested resource. @ https://mathscinet.ams.org/mathscinet/author?authorId=863178:0
[  153905ms] [ERROR] Failed to load resource: net::ERR_FAILED @ https://export.arxiv.org/api/query?search_query=ti%3A%22Liouville-type%20theorems%20for%20fully%20nonlinear%20elliptic%20and%20parabolic%20equations%20with%20boundary%20degeneracy%22&start=0&max_results=3:0
[  154225ms] [ERROR] Access to fetch at 'https://export.arxiv.org/api/query?search_query=ti%3A%22Discontinuous%20eikonal%20equations%20in%20metric%20measure%20spaces%22&start=0&max_results=3' from origin 'https://mathscinet.ams.org' has been blocked by CORS policy: No 'Access-Control-Allow-Origin' header is present on the requested resource. @ https://mathscinet.ams.org/mathscinet/author?authorId=863178:0
[  154225ms] [ERROR] Failed to load resource: net::ERR_FAILED @ https://export.arxiv.org/api/query?search_query=ti%3A%22Discontinuous%20eikonal%20equations%20in%20metric%20measure%20spaces%22&start=0&max_results=3:0
[  154588ms] [ERROR] Access to fetch at 'https://export.arxiv.org/api/query?search_query=ti%3A%22On%20the%20characterization%20of%20pp-harmonic%20functions%20on%20the%20Heisenberg%20group%20by%20mean%20value%20properties%22&start=0&max_results=3' from origin 'https://mathscinet.ams.org' has been blocked by CORS policy: No 'Access-Control-Allow-Origin' header is present on the requested resource. @ https://mathscinet.ams.org/mathscinet/author?authorId=863178:0
[  154588ms] [ERROR] Failed to load resource: net::ERR_FAILED @ https://export.arxiv.org/api/query?search_query=ti%3A%22On%20the%20characterization%20of%20pp-harmonic%20functions%20on%20the%20Heisenberg%20group%20by%20mean%20value%20properties%22&start=0&max_results=3:0
[  154886ms] [ERROR] Access to fetch at 'https://export.arxiv.org/api/query?search_query=ti%3A%22General%20existence%20of%20solutions%20to%20dynamic%20programming%20equations%22&start=0&max_results=3' from origin 'https://mathscinet.ams.org' has been blocked by CORS policy: No 'Access-Control-Allow-Origin' header is present on the requested resource. @ https://mathscinet.ams.org/mathscinet/author?authorId=863178:0
[  154886ms] [ERROR] Failed to load resource: net::ERR_FAILED @ https://export.arxiv.org/api/query?search_query=ti%3A%22General%20existence%20of%20solutions%20to%20dynamic%20programming%20equations%22&start=0&max_results=3:0
[  155188ms] [ERROR] Access to fetch at 'https://export.arxiv.org/api/query?search_query=ti%3A%22On%20the%20horizontal%20mean%20curvature%20flow%20for%20axisymmetric%20surfaces%20in%20the%20Heisenberg%20group%22&start=0&max_results=3' from origin 'https://mathscinet.ams.org' has been blocked by CORS policy: No 'Access-Control-Allow-Origin' header is present on the requested resource. @ https://mathscinet.ams.org/mathscinet/author?authorId=863178:0
[  155188ms] [ERROR] Failed to load resource: net::ERR_FAILED @ https://export.arxiv.org/api/query?search_query=ti%3A%22On%20the%20horizontal%20mean%20curvature%20flow%20for%20axisymmetric%20surfaces%20in%20the%20Heisenberg%20group%22&start=0&max_results=3:0
[  155511ms] [ERROR] Access to fetch at 'https://export.arxiv.org/api/query?search_query=ti%3A%22Singular%20Neumann%20problems%20and%20large-time%20behavior%20of%20solutions%20of%20noncoercive%20Hamilton-Jacobi%20equations%22&start=0&max_results=3' from origin 'https://mathscinet.ams.org' has been blocked by CORS policy: No 'Access-Control-Allow-Origin' header is present on the requested resource. @ https://mathscinet.ams.org/mathscinet/author?authorId=863178:0
[  155511ms] [ERROR] Failed to load resource: net::ERR_FAILED @ https://export.arxiv.org/api/query?search_query=ti%3A%22Singular%20Neumann%20problems%20and%20large-time%20behavior%20of%20solutions%20of%20noncoercive%20Hamilton-Jacobi%20equations%22&start=0&max_results=3:0
[  155845ms] [ERROR] Access to fetch at 'https://export.arxiv.org/api/query?search_query=ti%3A%22Equivalence%20of%20solutions%20of%20eikonal%20equation%20in%20metric%20spaces%22&start=0&max_results=3' from origin 'https://mathscinet.ams.org' has been blocked by CORS policy: No 'Access-Control-Allow-Origin' header is present on the requested resource. @ https://mathscinet.ams.org/mathscinet/author?authorId=863178:0
[  155845ms] [ERROR] Failed to load resource: net::ERR_FAILED @ https://export.arxiv.org/api/query?search_query=ti%3A%22Equivalence%20of%20solutions%20of%20eikonal%20equation%20in%20metric%20spaces%22&start=0&max_results=3:0
[  156165ms] [ERROR] Access to fetch at 'https://export.arxiv.org/api/query?search_query=ti%3A%22Constant%20rank%20theorems%20for%20curvature%20problems%20via%20a%20viscosity%20approach%22&start=0&max_results=3' from origin 'https://mathscinet.ams.org' has been blocked by CORS policy: No 'Access-Control-Allow-Origin' header is present on the requested resource. @ https://mathscinet.ams.org/mathscinet/author?authorId=863178:0
[  156165ms] [ERROR] Failed to load resource: net::ERR_FAILED @ https://export.arxiv.org/api/query?search_query=ti%3A%22Constant%20rank%20theorems%20for%20curvature%20problems%20via%20a%20viscosity%20approach%22&start=0&max_results=3:0
[  156805ms] [ERROR] Access to fetch at 'https://export.arxiv.org/api/query?search_query=ti%3A%22Dewetting%20dynamics%20of%20anisotropic%20particles%3A%20a%20level%20set%20numerical%20approach%22&start=0&max_results=3' from origin 'https://mathscinet.ams.org' has been blocked by CORS policy: No 'Access-Control-Allow-Origin' header is present on the requested resource. @ https://mathscinet.ams.org/mathscinet/author?authorId=863178:0
[  156805ms] [ERROR] Failed to load resource: net::ERR_FAILED @ https://export.arxiv.org/api/query?search_query=ti%3A%22Dewetting%20dynamics%20of%20anisotropic%20particles%3A%20a%20level%20set%20numerical%20approach%22&start=0&max_results=3:0
[  157096ms] [ERROR] Access to fetch at 'https://export.arxiv.org/api/query?search_query=ti%3A%22A%20control%20problem%20related%20to%20the%20parabolic%20dominative%20pp-Laplace%20equation%22&start=0&max_results=3' from origin 'https://mathscinet.ams.org' has been blocked by CORS policy: No 'Access-Control-Allow-Origin' header is present on the requested resource. @ https://mathscinet.ams.org/mathscinet/author?authorId=863178:0
[  157097ms] [ERROR] Failed to load resource: net::ERR_FAILED @ https://export.arxiv.org/api/query?search_query=ti%3A%22A%20control%20problem%20related%20to%20the%20parabolic%20dominative%20pp-Laplace%20equation%22&start=0&max_results=3:0
[  157736ms] [ERROR] Access to fetch at 'https://export.arxiv.org/api/query?search_query=ti%3A%22Existence%20of%20self-similar%20solutions%20of%20the%20inverse%20mean%20curvature%20flow%22&start=0&max_results=3' from origin 'https://mathscinet.ams.org' has been blocked by CORS policy: No 'Access-Control-Allow-Origin' header is present on the requested resource. @ https://mathscinet.ams.org/mathscinet/author?authorId=863178:0
[  157736ms] [ERROR] Failed to load resource: net::ERR_FAILED @ https://export.arxiv.org/api/query?search_query=ti%3A%22Existence%20of%20self-similar%20solutions%20of%20the%20inverse%20mean%20curvature%20flow%22&start=0&max_results=3:0
[  158097ms] [ERROR] Access to fetch at 'https://export.arxiv.org/api/query?search_query=ti%3A%22Geometric%20origin%20and%20some%20properties%20of%20the%20arctangential%20heat%20equation%22&start=0&max_results=3' from origin 'https://mathscinet.ams.org' has been blocked by CORS policy: No 'Access-Control-Allow-Origin' header is present on the requested resource. @ https://mathscinet.ams.org/mathscinet/author?authorId=863178:0
[  158098ms] [ERROR] Failed to load resource: net::ERR_FAILED @ https://export.arxiv.org/api/query?search_query=ti%3A%22Geometric%20origin%20and%20some%20properties%20of%20the%20arctangential%20heat%20equation%22&start=0&max_results=3:0
